34
31
39
52
44
52
1
23
38
27
41
58
45
2
32
34
24
46
50
69
1
14
45
34
59
49
65
3
27
36
53
44
44
52
2
19
47
28
35
33
38
6
35
0
21
28
24
45
2
60
0
44
43
46
49
8
35
47
28
59
51
37
3
24
24
31
58
53
58
1
33
47
34
53
52
42
6
33
34
37
41
51
76
2
30
29
34
53
57
49
3
28
28
21
43
50
39
1
35
32
36
35
42
60
3
25
28
44
45
47
45
1
26
20
30
47
41
35
4
21
33
34
36
46
38
2
17
27
23
31
46
29
1
26
22
20
32
44
33
4
9
21
20
30
34
40
0
24
16
30
45
47
36
3
19
26
28
36
32
36
1
14
30
8
22
36
37
0
14
34
0
50
40
35
3
24
38
18
13
34
26
2
25
24
22
38
45
33
0
16
28
17
29
49
48
1
15
24
28
31
41
38
4
16
15
19
29
12
46
4
15
13
14
23
21
24
0
10
22
15
31
20
19
1
10
17
6
13
26
20
1
16
11
19
21
22
20
0
14
11
11
11
6
5
0
8
12
4
1
6
7
0
3
8
1
7
7
5
1
3
1
0
4
4
6
0
10
5
3
3
4
6
0
2
7
5
1
2
1
0
2
3
4
8
9
12
1
7
3
5
12
7
6
1
4
5
3
6
6
5
0
5
4
4
7
16
14
0
9
7
11
10
14
21
2
5
13
10
13
13
13
4
14
16
19
24
23
22
3
14
10
14
21
24
32
1
11
15
13
17
29
33
1
12
14
16
23
24
30
4
10
12
10
26
14
24
2
14
19
11
30
35
27
2
2
26
25
22
35
27
1
14
24
23
28
22
37
3
20
15
31
32
27
28
1
17
25
24
25
38
34
1
29
33
28
42
47
51
2
28
26
27
37
35
42
1
32
27
0
21
22
41
3
31
29
0
16
30
36
2
20
21
22
27
39
31
1
21
26
17
32
34
40
1
8
18
15
16
33
22
4
9
18
25
23
37
33
0
19
25
22
27
40
31
6
39
15
24
26
35
30
2
26
19
31
33
35
28
3
17
17
35
39
34
51
3
19
39
28
25
44
24
3
18
27
27
27
40
23
1
10
15
12
28
41
27
2
16
25
20
35
31
25
0
19
16
11
15
26
21
0
11
8
21
20
23
28
5
5
26
10
22
23
21
1
1
19
13
10
22
20
1
19
18
22
0
27
21
1
12
12
10
8
28
27
1
17
8
21
18
23
23
1
10
12
14
31
21
22
0
9
16
19
8
19
21
0
15
17
8
20
19
26
0
3
8
25
18
16
25
1
11
10
17
13
14
21
1
15
10
13
21
11
11
1
13
14
9
10
14
21
0
10
14
15
16
25
15
1
5
21
8
10
9
21
3
16
6
10
12
13
14
0
8
12
14
11
16
23
0
10
10
13
11
21
16
0
8
18
13
11
10
21
0
11
13
14
12
18
29
0
15
13
8
25
12
21
1
9
15
19
26
18
18
2
8
13
10
13
23
14
1
12
13
13
20
17
14
1
6
13
15
16
16
30
0
17
19
11
24
28
32
1
16
22
15
26
24
30
0
16
10
11
14
14
22
1
2
12
10
14
18
10
0
6
7
10
14
16
14
0
6
10
15
21
11
21
1
13
5
13
14
19
16
0
14
12
14
21
24
32
1
12
23
34
32
39
32
0
15
19
29
32
27
43
5
13
31
20
32
22
42
0
0
25
18
29
23
20
0
41
39
23
0
16
29
0
25
42
34
0
33
39
0
25
24
38
16
27
35
1
29
27
18
22
44
50
1
36
24
24
48
48
55
1
20
33
18
39
57
44
5
39
38
45
75
61
79
3
43
42
39
46
47
56
3
38
46
32
55
47
50
3
34
38
23
47
52
70
2
23
27
22
59
40
42
3
30
13
22
24
31
46
0
16
16
6
29
19
18
0
8
13
9
22
14
22
0
9
13
20
19
27
37
1
5
23
15
15
14
29
1
12
16
13
21
30
33
1
21
14
22
17
29
32
1
18
15
17
22
0
28
0
20
32
29
36
27
23
0
13
21
22
11
35
26
0
17
17
16
40
27
37
0
18
12
20
27
32
20
1
26
16
25
21
25
25
2
14
13
24
16
28
25
0
6
15
13
12
15
22
1
10
12
5
22
12
13
2
6
8
6
7
5
10
0
7
7
5
7
2
7
0
7
2
2
5
2
7
0
5
5
5
7
4
3
0
5
1
4
2
2
3
0
4
4
3
5
3
1
0
1
4
1
0
1
3
0
7
9
8
8
5
8
2
2
5
6
9
6
8
2
1
5
11
12
6
6
0
17
9
9
20
14
7
1
21
13
17
15
13
19
0
15
12
9
14
12
15
0
7
17
20
30
21
26
2
12
9
14
13
31
25
1
17
15
19
29
28
29
1
20
19
21
36
44
45
3
32
25
26
38
31
32
1
19
29
32
53
29
32
1
16
34
13
39
39
38
1
31
22
27
29
39
56
1
37
26
34
31
38
47
0
39
29
27
43
35
37
3
14
19
21
51
35
45
1
20
15
43
29
25
28
2
28
23
21
21
0
21
1
43
27
37
38
0
49
2
33
41
29
25
25
28
4
25
25
28
45
38
53
1
39
37
47
47
47
59
3
34
26
34
25
39
39
3
37
20
32
32
65
51
5
28
43
39
51
48
58
2
47
43
39
46
45
50
0
43
50
31
44
47
48
2
35
45
40
52
65
58
4
31
37
27
42
52
34
2
27
27
31
23
50
42
0
37
30
26
62
47
62
1
14
26
41
36
39
45
3
26
25
27
51
57
38
3
28
40
17
29
54
46
0
28
24
24
43
47
43
1
23
40
32
46
57
49
0
17
20
42
12
31
32
0
36
32
38
36
52
47
3
19
28
37
29
30
21
3
18
15
43
20
46
33
2
19
34
23
23
36
22
4
16
18
21
22
26
27
2
14
16
11
20
29
20
0
12
9
14
14
19
17
1
10
11
8
19
15
21
0
8
11
6
10
22
12
1
7
10
17
0
9
13
0
11
8
11
14
12
12
1
10
12
9
9
17
12
0
8
11
16
11
22
16
2
9
14
8
11
20
13
0
2
11
8
6
9
15
0
7
9
11
6
20
11
0
5
14
8
21
9
15
1
9
10
8
29
23
21
2
12
11
13
15
28
23
3
11
12
25
23
23
20
2
21
21
24
25
24
41
1
29
17
29
27
31
32
4
